<?xml version="1.0" encoding="UTF-8"?>
<!-- Generated by org.testng.reporters.JUnitXMLReporter -->
<testsuite hostname="hav" name="testngTest" tests="6" failures="0" timestamp="15 May 2016 10:31:26 GMT" time="27.81" errors="0">
  <testcase name="alertTest" time="3.751" classname="Tests.AlertTest"/>
  <testcase name="alertTest" time="0.199" classname="Tests.AlertTest"/>
  <testcase name="alertTest" time="0.157" classname="Tests.AlertTest"/>
  <testcase name="alertTest" time="0.156" classname="Tests.AlertTest"/>
  <testcase name="alertTest" time="0.151" classname="Tests.AlertTest"/>
  <testcase name="dropdowntTest" time="3.237" classname="Tests.DropdownTest"/>
</testsuite> <!-- testngTest -->
