<?xml version="1.0" encoding="UTF-8"?>
<!-- Generated by org.testng.reporters.JUnitXMLReporter -->
<testsuite hostname="hav" name="Surefire test" tests="13" failures="0" timestamp="6 May 2016 19:32:03 GMT" time="34.114" errors="0">
  <testcase name="alertTest" time="3.915" classname="Tests.AlertTest"/>
  <testcase name="alertTest" time="0.192" classname="Tests.AlertTest"/>
  <testcase name="alertTest" time="0.181" classname="Tests.AlertTest"/>
  <testcase name="alertTest" time="0.172" classname="Tests.AlertTest"/>
  <testcase name="alertTest" time="0.208" classname="Tests.AlertTest"/>
  <testcase name="dropdowntTest" time="3.301" classname="Tests.DropdownTest"/>
  <testcase name="hoverTest" time="0.597" classname="Tests.HoverTest"/>
  <testcase name="loginTest" time="1.655" classname="Tests.LoginTest"/>
  <testcase name="loginTest" time="0.452" classname="Tests.LoginTest"/>
  <testcase name="loginTest" time="0.873" classname="Tests.LoginTest"/>
  <testcase name="loginTest" time="0.472" classname="Tests.LoginTest"/>
  <testcase name="loginTest" time="0.478" classname="Tests.LoginTest"/>
  <testcase name="loginTest" time="0.6" classname="Tests.LoginTest"/>
</testsuite> <!-- Surefire test -->
