<?xml version="1.0" encoding="UTF-8"?>
<testng-results skipped="0" failed="0" total="6" passed="6">
  <reporter-output>
  </reporter-output>
  <suite name="TestTest" duration-ms="27810" started-at="2016-05-15T10:30:58Z" finished-at="2016-05-15T10:31:26Z">
    <groups>
    </groups>
    <test name="testngTest" duration-ms="27810" started-at="2016-05-15T10:30:58Z" finished-at="2016-05-15T10:31:26Z">
      <class name="Tests.DropdownTest">
        <test-method status="PASS" signature="BeforeTest()[pri:0, instance:Tests.DropdownTest@ea9de5c]" name="BeforeTest" is-config="true" duration-ms="32" started-at="2016-05-15T13:31:23Z" finished-at="2016-05-15T13:31:23Z">
          <reporter-output>
          </reporter-output>
        </test-method> <!-- BeforeTest -->
        <test-method status="PASS" signature="dropdowntTest()[pri:0, instance:Tests.DropdownTest@ea9de5c]" name="dropdowntTest" duration-ms="3237" started-at="2016-05-15T13:31:23Z" finished-at="2016-05-15T13:31:26Z">
          <reporter-output>
          </reporter-output>
        </test-method> <!-- dropdowntTest -->
      </class> <!-- Tests.DropdownTest -->
      <class name="Tests.AlertTest">
        <test-method status="PASS" signature="BeforeTest()[pri:0, instance:Tests.AlertTest@47cf7e4a]" name="BeforeTest" is-config="true" duration-ms="19977" started-at="2016-05-15T13:30:58Z" finished-at="2016-05-15T13:31:18Z">
          <reporter-output>
          </reporter-output>
        </test-method> <!-- BeforeTest -->
        <test-method status="PASS" signature="alertTest(java.lang.String)[pri:0, instance:Tests.AlertTest@47cf7e4a]" name="alertTest" duration-ms="3751" started-at="2016-05-15T13:31:18Z" data-provider="testData" finished-at="2016-05-15T13:31:22Z">
          <params>
            <param index="0">
              <value>
                <![CDATA[123456789]]>
              </value>
            </param>
          </params>
          <reporter-output>
          </reporter-output>
        </test-method> <!-- alertTest -->
        <test-method status="PASS" signature="alertTest(java.lang.String)[pri:0, instance:Tests.AlertTest@47cf7e4a]" name="alertTest" duration-ms="199" started-at="2016-05-15T13:31:22Z" data-provider="testData" finished-at="2016-05-15T13:31:22Z">
          <params>
            <param index="0">
              <value>
                <![CDATA[qwertyqwe]]>
              </value>
            </param>
          </params>
          <reporter-output>
          </reporter-output>
        </test-method> <!-- alertTest -->
        <test-method status="PASS" signature="alertTest(java.lang.String)[pri:0, instance:Tests.AlertTest@47cf7e4a]" name="alertTest" duration-ms="157" started-at="2016-05-15T13:31:22Z" data-provider="testData" finished-at="2016-05-15T13:31:22Z">
          <params>
            <param index="0">
              <value>
                <![CDATA[asdfghasd]]>
              </value>
            </param>
          </params>
          <reporter-output>
          </reporter-output>
        </test-method> <!-- alertTest -->
        <test-method status="PASS" signature="alertTest(java.lang.String)[pri:0, instance:Tests.AlertTest@47cf7e4a]" name="alertTest" duration-ms="156" started-at="2016-05-15T13:31:22Z" data-provider="testData" finished-at="2016-05-15T13:31:22Z">
          <params>
            <param index="0">
              <value>
                <![CDATA[zxcvbnzxc]]>
              </value>
            </param>
          </params>
          <reporter-output>
          </reporter-output>
        </test-method> <!-- alertTest -->
        <test-method status="PASS" signature="alertTest(java.lang.String)[pri:0, instance:Tests.AlertTest@47cf7e4a]" name="alertTest" duration-ms="151" started-at="2016-05-15T13:31:22Z" data-provider="testData" finished-at="2016-05-15T13:31:23Z">
          <params>
            <param index="0">
              <value>
                <![CDATA[qwe123asd]]>
              </value>
            </param>
          </params>
          <reporter-output>
          </reporter-output>
        </test-method> <!-- alertTest -->
      </class> <!-- Tests.AlertTest -->
    </test> <!-- testngTest -->
  </suite> <!-- TestTest -->
</testng-results>
