<?xml version="1.0" encoding="UTF-8"?>
<testng-results skipped="0" failed="0" total="13" passed="13">
  <reporter-output>
  </reporter-output>
  <suite name="Surefire suite" duration-ms="34114" started-at="2016-05-06T19:31:29Z" finished-at="2016-05-06T19:32:03Z">
    <groups>
    </groups>
    <test name="Surefire test" duration-ms="34114" started-at="2016-05-06T19:31:29Z" finished-at="2016-05-06T19:32:03Z">
      <class name="Tests.DropdownTest">
        <test-method status="PASS" signature="BeforeTest()[pri:0, instance:Tests.DropdownTest@2e0fad0]" name="BeforeTest" is-config="true" duration-ms="43" started-at="2016-05-06T22:31:54Z" finished-at="2016-05-06T22:31:54Z">
          <reporter-output>
          </reporter-output>
        </test-method> <!-- BeforeTest -->
        <test-method status="PASS" signature="dropdowntTest()[pri:0, instance:Tests.DropdownTest@2e0fad0]" name="dropdowntTest" duration-ms="3301" started-at="2016-05-06T22:31:54Z" finished-at="2016-05-06T22:31:57Z">
          <reporter-output>
          </reporter-output>
        </test-method> <!-- dropdowntTest -->
      </class> <!-- Tests.DropdownTest -->
      <class name="Tests.AlertTest">
        <test-method status="PASS" signature="BeforeTest()[pri:0, instance:Tests.AlertTest@4111b923]" name="BeforeTest" is-config="true" duration-ms="20050" started-at="2016-05-06T22:31:29Z" finished-at="2016-05-06T22:31:49Z">
          <reporter-output>
          </reporter-output>
        </test-method> <!-- BeforeTest -->
        <test-method status="PASS" signature="alertTest(java.lang.String)[pri:0, instance:Tests.AlertTest@4111b923]" name="alertTest" duration-ms="3915" started-at="2016-05-06T22:31:49Z" data-provider="testData" finished-at="2016-05-06T22:31:53Z">
          <params>
            <param index="0">
              <value>
                <![CDATA[123456789]]>
              </value>
            </param>
          </params>
          <reporter-output>
          </reporter-output>
        </test-method> <!-- alertTest -->
        <test-method status="PASS" signature="alertTest(java.lang.String)[pri:0, instance:Tests.AlertTest@4111b923]" name="alertTest" duration-ms="192" started-at="2016-05-06T22:31:53Z" data-provider="testData" finished-at="2016-05-06T22:31:53Z">
          <params>
            <param index="0">
              <value>
                <![CDATA[qwertyqwe]]>
              </value>
            </param>
          </params>
          <reporter-output>
          </reporter-output>
        </test-method> <!-- alertTest -->
        <test-method status="PASS" signature="alertTest(java.lang.String)[pri:0, instance:Tests.AlertTest@4111b923]" name="alertTest" duration-ms="181" started-at="2016-05-06T22:31:53Z" data-provider="testData" finished-at="2016-05-06T22:31:53Z">
          <params>
            <param index="0">
              <value>
                <![CDATA[asdfghasd]]>
              </value>
            </param>
          </params>
          <reporter-output>
          </reporter-output>
        </test-method> <!-- alertTest -->
        <test-method status="PASS" signature="alertTest(java.lang.String)[pri:0, instance:Tests.AlertTest@4111b923]" name="alertTest" duration-ms="172" started-at="2016-05-06T22:31:53Z" data-provider="testData" finished-at="2016-05-06T22:31:54Z">
          <params>
            <param index="0">
              <value>
                <![CDATA[zxcvbnzxc]]>
              </value>
            </param>
          </params>
          <reporter-output>
          </reporter-output>
        </test-method> <!-- alertTest -->
        <test-method status="PASS" signature="alertTest(java.lang.String)[pri:0, instance:Tests.AlertTest@4111b923]" name="alertTest" duration-ms="208" started-at="2016-05-06T22:31:54Z" data-provider="testData" finished-at="2016-05-06T22:31:54Z">
          <params>
            <param index="0">
              <value>
                <![CDATA[qwe123asd]]>
              </value>
            </param>
          </params>
          <reporter-output>
          </reporter-output>
        </test-method> <!-- alertTest -->
      </class> <!-- Tests.AlertTest -->
      <class name="Tests.LoginTest">
        <test-method status="PASS" signature="BeforeTest()[pri:0, instance:Tests.LoginTest@428a41b9]" name="BeforeTest" is-config="true" duration-ms="44" started-at="2016-05-06T22:31:58Z" finished-at="2016-05-06T22:31:58Z">
          <reporter-output>
          </reporter-output>
        </test-method> <!-- BeforeTest -->
        <test-method status="PASS" signature="loginTest(java.lang.String, java.lang.String, java.lang.String)[pri:0, instance:Tests.LoginTest@428a41b9]" name="loginTest" duration-ms="1655" started-at="2016-05-06T22:31:58Z" data-provider="testData" finished-at="2016-05-06T22:31:59Z">
          <params>
            <param index="0">
              <value>
                <![CDATA[]]>
              </value>
            </param>
            <param index="1">
              <value>
                <![CDATA[]]>
              </value>
            </param>
            <param index="2">
              <value>
                <![CDATA[Your username is invalid!]]>
              </value>
            </param>
          </params>
          <reporter-output>
          </reporter-output>
        </test-method> <!-- loginTest -->
        <test-method status="PASS" signature="loginTest(java.lang.String, java.lang.String, java.lang.String)[pri:0, instance:Tests.LoginTest@428a41b9]" name="loginTest" duration-ms="452" started-at="2016-05-06T22:31:59Z" data-provider="testData" finished-at="2016-05-06T22:32:00Z">
          <params>
            <param index="0">
              <value>
                <![CDATA[]]>
              </value>
            </param>
            <param index="1">
              <value>
                <![CDATA[SuperSecretPassword!]]>
              </value>
            </param>
            <param index="2">
              <value>
                <![CDATA[Your username is invalid!]]>
              </value>
            </param>
          </params>
          <reporter-output>
          </reporter-output>
        </test-method> <!-- loginTest -->
        <test-method status="PASS" signature="loginTest(java.lang.String, java.lang.String, java.lang.String)[pri:0, instance:Tests.LoginTest@428a41b9]" name="loginTest" duration-ms="873" started-at="2016-05-06T22:32:00Z" data-provider="testData" finished-at="2016-05-06T22:32:01Z">
          <params>
            <param index="0">
              <value>
                <![CDATA[WrongUserName]]>
              </value>
            </param>
            <param index="1">
              <value>
                <![CDATA[SuperSecretPassword!]]>
              </value>
            </param>
            <param index="2">
              <value>
                <![CDATA[Your username is invalid!]]>
              </value>
            </param>
          </params>
          <reporter-output>
          </reporter-output>
        </test-method> <!-- loginTest -->
        <test-method status="PASS" signature="loginTest(java.lang.String, java.lang.String, java.lang.String)[pri:0, instance:Tests.LoginTest@428a41b9]" name="loginTest" duration-ms="472" started-at="2016-05-06T22:32:01Z" data-provider="testData" finished-at="2016-05-06T22:32:01Z">
          <params>
            <param index="0">
              <value>
                <![CDATA[WrongUserName]]>
              </value>
            </param>
            <param index="1">
              <value>
                <![CDATA[WrongUserName!]]>
              </value>
            </param>
            <param index="2">
              <value>
                <![CDATA[Your username is invalid!]]>
              </value>
            </param>
          </params>
          <reporter-output>
          </reporter-output>
        </test-method> <!-- loginTest -->
        <test-method status="PASS" signature="loginTest(java.lang.String, java.lang.String, java.lang.String)[pri:0, instance:Tests.LoginTest@428a41b9]" name="loginTest" duration-ms="478" started-at="2016-05-06T22:32:01Z" data-provider="testData" finished-at="2016-05-06T22:32:02Z">
          <params>
            <param index="0">
              <value>
                <![CDATA[tomsmith]]>
              </value>
            </param>
            <param index="1">
              <value>
                <![CDATA[]]>
              </value>
            </param>
            <param index="2">
              <value>
                <![CDATA[Your username is invalid!]]>
              </value>
            </param>
          </params>
          <reporter-output>
          </reporter-output>
        </test-method> <!-- loginTest -->
        <test-method status="PASS" signature="loginTest(java.lang.String, java.lang.String, java.lang.String)[pri:0, instance:Tests.LoginTest@428a41b9]" name="loginTest" duration-ms="600" started-at="2016-05-06T22:32:02Z" data-provider="testData" finished-at="2016-05-06T22:32:02Z">
          <params>
            <param index="0">
              <value>
                <![CDATA[tomsmith]]>
              </value>
            </param>
            <param index="1">
              <value>
                <![CDATA[WrongUserName!]]>
              </value>
            </param>
            <param index="2">
              <value>
                <![CDATA[Your username is invalid!]]>
              </value>
            </param>
          </params>
          <reporter-output>
          </reporter-output>
        </test-method> <!-- loginTest -->
        <test-method status="PASS" signature="afterTest()[pri:0, instance:Tests.LoginTest@428a41b9]" name="afterTest" is-config="true" duration-ms="688" started-at="2016-05-06T22:32:02Z" finished-at="2016-05-06T22:32:03Z">
          <reporter-output>
          </reporter-output>
        </test-method> <!-- afterTest -->
      </class> <!-- Tests.LoginTest -->
      <class name="Tests.HoverTest">
        <test-method status="PASS" signature="BeforeTest()[pri:0, instance:Tests.HoverTest@3cb3d591]" name="BeforeTest" is-config="true" duration-ms="37" started-at="2016-05-06T22:31:57Z" finished-at="2016-05-06T22:31:57Z">
          <reporter-output>
          </reporter-output>
        </test-method> <!-- BeforeTest -->
        <test-method status="PASS" signature="hoverTest()[pri:0, instance:Tests.HoverTest@3cb3d591]" name="hoverTest" duration-ms="597" started-at="2016-05-06T22:31:57Z" finished-at="2016-05-06T22:31:58Z">
          <reporter-output>
          </reporter-output>
        </test-method> <!-- hoverTest -->
      </class> <!-- Tests.HoverTest -->
    </test> <!-- Surefire test -->
  </suite> <!-- Surefire suite -->
</testng-results>
